<?xml version="1.0" encoding="UTF-8"?>
<testng-results skipped="0" failed="0" ignored="0" total="1" passed="1">
  <reporter-output>
  </reporter-output>
  <suite name="Default suite" duration-ms="4623" started-at="2019-05-25T15:29:31Z" finished-at="2019-05-25T15:29:36Z">
    <groups>
    </groups>
    <test name="Default test" duration-ms="4623" started-at="2019-05-25T15:29:31Z" finished-at="2019-05-25T15:29:36Z">
      <class name="com.testsuite_regression.TestCase_Login">
        <test-method status="PASS" signature="init()[pri:0, instance:com.testsuite_regression.TestCase_Login@5f9d02cb]" name="init" is-config="true" duration-ms="5560" started-at="2019-05-25T11:29:26Z" finished-at="2019-05-25T11:29:31Z">
          <reporter-output>
          </reporter-output>
        </test-method> <!-- init -->
        <test-method status="PASS" signature="Logintest()[pri:0, instance:com.testsuite_regression.TestCase_Login@5f9d02cb]" name="Logintest" duration-ms="4598" started-at="2019-05-25T11:29:31Z" finished-at="2019-05-25T11:29:36Z">
          <reporter-output>
          </reporter-output>
        </test-method> <!-- Logintest -->
        <test-method status="PASS" signature="tearDown()[pri:0, instance:com.testsuite_regression.TestCase_Login@5f9d02cb]" name="tearDown" is-config="true" duration-ms="999" started-at="2019-05-25T11:29:36Z" finished-at="2019-05-25T11:29:37Z">
          <reporter-output>
          </reporter-output>
        </test-method> <!-- tearDown -->
      </class> <!-- com.testsuite_regression.TestCase_Login -->
    </test> <!-- Default test -->
  </suite> <!-- Default suite -->
</testng-results>
