<?xml version="1.0" encoding="UTF-8"?>
<testng-results skipped="0" failed="0" ignored="0" total="1" passed="1">
  <reporter-output>
  </reporter-output>
  <suite name="Default suite" duration-ms="20578" started-at="2020-02-29T00:26:23Z" finished-at="2020-02-29T00:26:44Z">
    <groups>
    </groups>
    <test name="Default test" duration-ms="20578" started-at="2020-02-29T00:26:23Z" finished-at="2020-02-29T00:26:44Z">
      <class name="com.testsuite_regression.TestCase_Login">
        <test-method status="PASS" signature="init()[pri:0, instance:com.testsuite_regression.TestCase_Login@5383967b]" name="init" is-config="true" duration-ms="22081" started-at="2020-02-28T19:26:01Z" finished-at="2020-02-28T19:26:23Z">
          <reporter-output>
          </reporter-output>
        </test-method> <!-- init -->
        <test-method status="PASS" signature="Logintest()[pri:0, instance:com.testsuite_regression.TestCase_Login@5383967b]" name="Logintest" duration-ms="20546" started-at="2020-02-28T19:26:23Z" finished-at="2020-02-28T19:26:44Z">
          <reporter-output>
          </reporter-output>
        </test-method> <!-- Logintest -->
        <test-method status="PASS" signature="tearDown()[pri:0, instance:com.testsuite_regression.TestCase_Login@5383967b]" name="tearDown" is-config="true" duration-ms="1040" started-at="2020-02-28T19:26:44Z" finished-at="2020-02-28T19:26:45Z">
          <reporter-output>
          </reporter-output>
        </test-method> <!-- tearDown -->
      </class> <!-- com.testsuite_regression.TestCase_Login -->
    </test> <!-- Default test -->
  </suite> <!-- Default suite -->
</testng-results>
